<?xml version="1.0" encoding="UTF-8"?>
<testsuite xmlns:xsi="http://www.w3.org/2001/XMLSchema-instance" xsi:noNamespaceSchemaLocation="https://maven.apache.org/surefire/maven-surefire-plugin/xsd/surefire-test-report.xsd" version="3.0.2" name="PhysicalData.PhysicalDataTest" time="0.054" tests="8" errors="0" skipped="0" failures="1">
  <properties>
[...]
</properties>
  <testcase name="testSetWidthCorrect" classname="PhysicalData.PhysicalDataTest" time="0.008">
    <system-out><![CDATA[PhysicalData [getHigh()=1.0, getWidth()=0.8, getLength()=1.0, getWeight()=23.5, getFragile()=true, getVolume()=0]
]]></system-out>
  </testcase>
  <testcase name="testSetHighTooHigh" classname="PhysicalData.PhysicalDataTest" time="0.0"/>
  <testcase name="testSetHighZero" classname="PhysicalData.PhysicalDataTest" time="0.0"/>
  <testcase name="testSetLengthCorrect" classname="PhysicalData.PhysicalDataTest" time="0.0"/>
  <testcase name="testSetWidthTooWide" classname="PhysicalData.PhysicalDataTest" time="0.01"/>
  <testcase name="testSetWeightCorrect" classname="PhysicalData.PhysicalDataTest" time="0.0"/>
  <testcase name="testSetHighCorrect" classname="PhysicalData.PhysicalDataTest" time="0.008">
    <failure message="expected: &lt;0&gt; but was: &lt;-5&gt;" type="org.opentest4j.AssertionFailedError"><![CDATA[org.opentest4j.AssertionFailedError: expected: <0> but was: <-5>
	at org.junit.jupiter.api.AssertionFailureBuilder.build(AssertionFailureBuilder.java:151)
	at org.junit.jupiter.api.AssertionFailureBuilder.buildAndThrow(AssertionFailureBuilder.java:132)
	at org.junit.jupiter.api.AssertEquals.failNotEqual(AssertEquals.java:197)
	at org.junit.jupiter.api.AssertEquals.assertEquals(AssertEquals.java:150)
	at org.junit.jupiter.api.AssertEquals.assertEquals(AssertEquals.java:145)
	at org.junit.jupiter.api.Assertions.assertEquals(Assertions.java:531)
	at PhysicalData.PhysicalDataTest.testSetHighCorrect(PhysicalDataTest.java:31)
	at java.base/java.lang.reflect.Method.invoke(Method.java:569)
	at java.base/java.util.ArrayList.forEach(ArrayList.java:1511)
	at java.base/java.util.ArrayList.forEach(ArrayList.java:1511)
]]></failure>
  </testcase>
  <testcase name="testSetHighNegative" classname="PhysicalData.PhysicalDataTest" time="0.0"/>
</testsuite>